Desktop/Application/Wander/app/build/intermediates/manifest_merge_blame_file/debug/manifest-merger-blame-debug-report.txt
1<?xml version="1.0" encoding="utf-8"?>
2<!--
3  Copyright 2017 Google Inc.
4
5  Licensed under the Apache License, Version 2.0 (the "License");
6  you may not use this file except in compliance with the License.
7  You may obtain a copy of the License at
8
9       http://www.apache.org/licenses/LICENSE-2.0
10
11  Unless required by applicable law or agreed to in writing, software
12  distributed under the License is distributed on an "AS IS" BASIS,
13  WITHOUT WARRANTIES OR CONDITIONS OF ANY KIND, either express or implied.
14  See the License for the specific language governing permissions and
15  limitations under the License.
16-->
17<manifest xmlns:android="http://schemas.android.com/apk/res/android"
18    package="com.example.android.wander"
19    android:versionCode="1"
20    android:versionName="1.0" >
21
22    <uses-sdk
23        android:minSdkVersion="15"
23-->src/main/AndroidManifest.xml
24        android:targetSdkVersion="26" />
24-->src/main/AndroidManifest.xml
25
26    <!--
27         The ACCESS_COARSE/FINE_LOCATION permissions are not required to use
28         Google Maps Android API v2, but you must specify either coarse or fine
29         location permissions for the 'MyLocation' functionality.
30    -->
31    <uses-permission android:name="android.permission.ACCESS_FINE_LOCATION" />
31-->src/main/AndroidManifest.xml:25:5-79
31-->src/main/AndroidManifest.xml:25:22-76
32
33    <!-- Include required permissions for Google Maps API to run. -->
34    <uses-permission android:name="android.permission.ACCESS_NETWORK_STATE" />
34-->[com.google.android.gms:play-services-maps:11.0.4] AndroidManifest.xml:19:5-78
34-->[com.google.android.gms:play-services-maps:11.0.4] AndroidManifest.xml:19:22-76
35    <uses-permission android:name="android.permission.INTERNET" />
35-->[com.google.android.gms:play-services-maps:11.0.4] AndroidManifest.xml:20:5-66
35-->[com.google.android.gms:play-services-maps:11.0.4] AndroidManifest.xml:20:22-64
36
37    <uses-feature
37-->[com.google.android.gms:play-services-maps:11.0.4] AndroidManifest.xml:21:5-77
38        android:glEsVersion="0x00020000"
38-->[com.google.android.gms:play-services-maps:11.0.4] AndroidManifest.xml:21:19-51
39        android:required="true" />
39-->[com.google.android.gms:play-services-maps:11.0.4] AndroidManifest.xml:21:52-75
40
41    <application
41-->src/main/AndroidManifest.xml:27:5-54:19
42        android:allowBackup="true"
42-->src/main/AndroidManifest.xml:28:9-35
43        android:debuggable="true"
44        android:icon="@mipmap/ic_launcher"
44-->src/main/AndroidManifest.xml:29:9-43
45        android:label="@string/app_name"
45-->src/main/AndroidManifest.xml:30:9-41
46        android:roundIcon="@mipmap/ic_launcher_round"
46-->src/main/AndroidManifest.xml:31:9-54
47        android:supportsRtl="true"
47-->src/main/AndroidManifest.xml:32:9-35
48        android:testOnly="true"
49        android:theme="@style/AppTheme" >
49-->src/main/AndroidManifest.xml:33:9-40
50
51        <!--
52             The API key for Google Maps-based APIs is defined as a string
53             resource. (See the file "res/values/google_maps_api.xml"). See
54             the API Key guide for more details:
55             https://developers.google.com/maps/documentation/android-api/signup
56        -->
57        <meta-data
57-->src/main/AndroidManifest.xml:41:9-43:55
58            android:name="com.google.android.geo.API_KEY"
58-->src/main/AndroidManifest.xml:42:13-58
59            android:value="@string/google_maps_key" />
59-->src/main/AndroidManifest.xml:43:13-52
60
61        <activity
61-->src/main/AndroidManifest.xml:45:9-53:20
62            android:name="com.example.android.wander.MapsActivity"
62-->src/main/AndroidManifest.xml:46:13-41
63            android:label="@string/title_activity_maps" >
63-->src/main/AndroidManifest.xml:47:13-56
64            <intent-filter>
64-->src/main/AndroidManifest.xml:48:13-52:29
65                <action android:name="android.intent.action.MAIN" />
65-->src/main/AndroidManifest.xml:49:17-69
65-->src/main/AndroidManifest.xml:49:25-66
66
67                <category android:name="android.intent.category.LAUNCHER" />
67-->src/main/AndroidManifest.xml:51:17-77
67-->src/main/AndroidManifest.xml:51:27-74
68            </intent-filter>
69        </activity>
70
71        <meta-data
71-->[com.android.support:appcompat-v7:26.1.0] AndroidManifest.xml:26:9-28:38
72            android:name="android.support.VERSION"
72-->[com.android.support:appcompat-v7:26.1.0] AndroidManifest.xml:27:13-51
73            android:value="26.1.0" />
73-->[com.android.support:appcompat-v7:26.1.0] AndroidManifest.xml:28:13-35
74
75        <activity
75-->[com.google.android.gms:play-services-base:11.0.4] AndroidManifest.xml:19:9-172
76            android:name="com.google.android.gms.common.api.GoogleApiActivity"
76-->[com.google.android.gms:play-services-base:11.0.4] AndroidManifest.xml:19:19-85
77            android:exported="false"
77-->[com.google.android.gms:play-services-base:11.0.4] AndroidManifest.xml:19:146-170
78            android:theme="@android:style/Theme.Translucent.NoTitleBar" />
78-->[com.google.android.gms:play-services-base:11.0.4] AndroidManifest.xml:19:86-145
79
80        <meta-data
80-->[com.google.android.gms:play-services-basement:11.0.4] AndroidManifest.xml:20:9-121
81            android:name="com.google.android.gms.version"
81-->[com.google.android.gms:play-services-basement:11.0.4] AndroidManifest.xml:20:20-65
82            android:value="@integer/google_play_services_version" />
82-->[com.google.android.gms:play-services-basement:11.0.4] AndroidManifest.xml:20:66-119
83        <meta-data
83-->[android.arch.lifecycle:runtime:1.0.0] AndroidManifest.xml:25:9-27:47
84            android:name="android.arch.lifecycle.VERSION"
84-->[android.arch.lifecycle:runtime:1.0.0] AndroidManifest.xml:26:13-58
85            android:value="27.0.0-SNAPSHOT" />
85-->[android.arch.lifecycle:runtime:1.0.0] AndroidManifest.xml:27:13-44
86    </application>
87
88</manifest>